[2026-04-03T13:34:52.673Z] 9:34:52 AM [vite] changed tsconfig file detected: /home/ubuntu/citytech-kz/tsconfig.json - Clearing cache and forcing full-reload to ensure TypeScript is compiled with updated config values.
[2026-04-03T13:34:52.675Z] 9:34:52 AM [vite] vite.config.ts changed, restarting server...
[2026-04-03T13:34:52.679Z] 9:34:52 AM [vite] (client) page reload public/.gitkeep
[2026-04-03T13:34:52.680Z] 9:34:52 AM [vite] (client) page reload public/__manus__/debug-collector.js
[2026-04-03T13:34:52.680Z] 9:34:52 AM [vite] (client) page reload index.html
[2026-04-03T13:34:52.680Z] 9:34:52 AM [vite] (client) page reload src/App.tsx
[2026-04-03T13:34:52.680Z] 9:34:52 AM [vite] (client) page reload src/const.ts
[2026-04-03T13:34:52.681Z] 9:34:52 AM [vite] (client) hmr update /src/index.css
[2026-04-03T13:34:52.681Z] 9:34:52 AM [vite] (client) page reload src/main.tsx
[2026-04-03T13:34:52.681Z] 9:34:52 AM [vite] (client) page reload src/components/CityTechMap.tsx
[2026-04-03T13:34:52.681Z] 9:34:52 AM [vite] (client) page reload src/components/ErrorBoundary.tsx
[2026-04-03T13:34:52.682Z] 9:34:52 AM [vite] (client) page reload src/components/IssueCard.tsx
[2026-04-03T13:34:52.682Z] 9:34:52 AM [vite] (client) page reload src/components/IssueDetails.tsx
[2026-04-03T13:34:52.682Z] 9:34:52 AM [vite] (client) page reload src/components/ManusDialog.tsx
[2026-04-03T13:34:52.682Z] 9:34:52 AM [vite] (client) page reload src/components/Map.tsx
[2026-04-03T13:34:52.683Z] 9:34:52 AM [vite] (client) page reload src/components/SubmitIssueModal.tsx
[2026-04-03T13:34:52.683Z] 9:34:52 AM [vite] (client) page reload src/components/ui/accordion.tsx
[2026-04-03T13:34:52.683Z] 9:34:52 AM [vite] (client) page reload src/components/ui/alert-dialog.tsx
[2026-04-03T13:34:52.683Z] 9:34:52 AM [vite] (client) page reload src/components/ui/alert.tsx
[2026-04-03T13:34:52.684Z] 9:34:52 AM [vite] (client) page reload src/components/ui/aspect-ratio.tsx
[2026-04-03T13:34:52.684Z] 9:34:52 AM [vite] (client) page reload src/components/ui/avatar.tsx
[2026-04-03T13:34:52.684Z] 9:34:52 AM [vite] (client) page reload src/components/ui/badge.tsx
[2026-04-03T13:34:52.684Z] 9:34:52 AM [vite] (client) page reload src/components/ui/breadcrumb.tsx
[2026-04-03T13:34:52.685Z] 9:34:52 AM [vite] (client) page reload src/components/ui/button-group.tsx
[2026-04-03T13:34:52.685Z] 9:34:52 AM [vite] (client) page reload src/components/ui/button.tsx
[2026-04-03T13:34:52.685Z] 9:34:52 AM [vite] (client) page reload src/components/ui/calendar.tsx
[2026-04-03T13:34:52.685Z] 9:34:52 AM [vite] (client) page reload src/components/ui/card.tsx
[2026-04-03T13:34:52.686Z] 9:34:52 AM [vite] (client) page reload src/components/ui/carousel.tsx
[2026-04-03T13:34:52.686Z] 9:34:52 AM [vite] (client) page reload src/components/ui/chart.tsx
[2026-04-03T13:34:52.686Z] 9:34:52 AM [vite] (client) page reload src/components/ui/checkbox.tsx
[2026-04-03T13:34:52.686Z] 9:34:52 AM [vite] (client) page reload src/components/ui/collapsible.tsx
[2026-04-03T13:34:52.687Z] 9:34:52 AM [vite] (client) page reload src/components/ui/command.tsx
[2026-04-03T13:34:52.689Z] 9:34:52 AM [vite] (client) page reload src/components/ui/context-menu.tsx
[2026-04-03T13:34:52.689Z] 9:34:52 AM [vite] (client) page reload src/components/ui/dialog.tsx
[2026-04-03T13:34:52.689Z] 9:34:52 AM [vite] (client) page reload src/components/ui/drawer.tsx
[2026-04-03T13:34:52.689Z] 9:34:52 AM [vite] (client) page reload src/components/ui/dropdown-menu.tsx
[2026-04-03T13:34:52.690Z] 9:34:52 AM [vite] (client) page reload src/components/ui/empty.tsx
[2026-04-03T13:34:52.690Z] 9:34:52 AM [vite] (client) page reload src/components/ui/field.tsx
[2026-04-03T13:34:52.690Z] 9:34:52 AM [vite] (client) page reload src/components/ui/form.tsx
[2026-04-03T13:34:52.691Z] 9:34:52 AM [vite] (client) page reload src/components/ui/hover-card.tsx
[2026-04-03T13:34:52.691Z] 9:34:52 AM [vite] (client) page reload src/components/ui/input-group.tsx
[2026-04-03T13:34:52.691Z] 9:34:52 AM [vite] (client) page reload src/components/ui/input-otp.tsx
[2026-04-03T13:34:52.691Z] 9:34:52 AM [vite] (client) page reload src/components/ui/input.tsx
[2026-04-03T13:34:52.692Z] 9:34:52 AM [vite] (client) page reload src/components/ui/item.tsx
[2026-04-03T13:34:52.692Z] 9:34:52 AM [vite] (client) page reload src/components/ui/kbd.tsx
[2026-04-03T13:34:52.692Z] 9:34:52 AM [vite] (client) page reload src/components/ui/label.tsx
[2026-04-03T13:34:52.692Z] 9:34:52 AM [vite] (client) page reload src/components/ui/menubar.tsx
[2026-04-03T13:34:52.693Z] 9:34:52 AM [vite] (client) page reload src/components/ui/navigation-menu.tsx
[2026-04-03T13:34:52.693Z] 9:34:52 AM [vite] (client) page reload src/components/ui/pagination.tsx
[2026-04-03T13:34:52.693Z] 9:34:52 AM [vite] (client) page reload src/components/ui/popover.tsx
[2026-04-03T13:34:52.693Z] 9:34:52 AM [vite] (client) page reload src/components/ui/progress.tsx
[2026-04-03T13:34:52.694Z] 9:34:52 AM [vite] (client) page reload src/components/ui/radio-group.tsx
[2026-04-03T13:34:52.694Z] 9:34:52 AM [vite] (client) page reload src/components/ui/resizable.tsx
[2026-04-03T13:34:52.694Z] 9:34:52 AM [vite] (client) page reload src/components/ui/scroll-area.tsx
[2026-04-03T13:34:52.694Z] 9:34:52 AM [vite] (client) page reload src/components/ui/select.tsx
[2026-04-03T13:34:52.695Z] 9:34:52 AM [vite] (client) page reload src/components/ui/separator.tsx
[2026-04-03T13:34:52.695Z] 9:34:52 AM [vite] (client) page reload src/components/ui/sheet.tsx
[2026-04-03T13:34:52.695Z] 9:34:52 AM [vite] (client) page reload src/components/ui/sidebar.tsx
[2026-04-03T13:34:52.695Z] 9:34:52 AM [vite] (client) page reload src/components/ui/skeleton.tsx
[2026-04-03T13:34:52.696Z] 9:34:52 AM [vite] (client) page reload src/components/ui/slider.tsx
[2026-04-03T13:34:52.696Z] 9:34:52 AM [vite] (client) page reload src/components/ui/sonner.tsx
[2026-04-03T13:34:52.696Z] 9:34:52 AM [vite] (client) page reload src/components/ui/spinner.tsx
[2026-04-03T13:34:52.696Z] 9:34:52 AM [vite] (client) page reload src/components/ui/switch.tsx
[2026-04-03T13:34:52.697Z] 9:34:52 AM [vite] (client) page reload src/components/ui/table.tsx
[2026-04-03T13:34:52.697Z] 9:34:52 AM [vite] (client) page reload src/components/ui/tabs.tsx
[2026-04-03T13:34:52.697Z] 9:34:52 AM [vite] (client) page reload src/components/ui/textarea.tsx
[2026-04-03T13:34:52.697Z] 9:34:52 AM [vite] (client) page reload src/components/ui/toggle-group.tsx
[2026-04-03T13:34:52.698Z] 9:34:52 AM [vite] (client) page reload src/components/ui/toggle.tsx
[2026-04-03T13:34:52.698Z] 9:34:52 AM [vite] (client) page reload src/components/ui/tooltip.tsx
[2026-04-03T13:34:52.698Z] 9:34:52 AM [vite] (client) page reload src/contexts/AuthContext.tsx
[2026-04-03T13:34:52.698Z] 9:34:52 AM [vite] (client) page reload src/contexts/IssuesContext.tsx
[2026-04-03T13:34:52.699Z] 9:34:52 AM [vite] (client) page reload src/contexts/ThemeContext.tsx
[2026-04-03T13:34:52.699Z] 9:34:52 AM [vite] (client) page reload src/hooks/useComposition.ts
[2026-04-03T13:34:52.699Z] 9:34:52 AM [vite] (client) page reload src/hooks/useMobile.tsx
[2026-04-03T13:34:52.699Z] 9:34:52 AM [vite] (client) page reload src/hooks/usePersistFn.ts
[2026-04-03T13:34:52.699Z] 9:34:52 AM [vite] (client) page reload src/lib/utils.ts
[2026-04-03T13:34:52.700Z] 9:34:52 AM [vite] (client) page reload src/pages/Auth.tsx
[2026-04-03T13:34:52.700Z] 9:34:52 AM [vite] (client) page reload src/pages/CitySelect.tsx
[2026-04-03T13:34:52.700Z] 9:34:52 AM [vite] (client) page reload src/pages/Feed.tsx
[2026-04-03T13:34:52.700Z] 9:34:52 AM [vite] (client) page reload src/pages/Home.tsx
[2026-04-03T13:34:52.701Z] 9:34:52 AM [vite] (client) page reload src/pages/NotFound.tsx
[2026-04-03T13:34:52.701Z] 9:34:52 AM [vite] server restarted.
[2026-04-03T13:34:52.701Z] 
[2026-04-03T13:34:52.701Z] ➜  Local:   http://localhost:5173/
[2026-04-03T13:34:52.702Z] ➜  Network: http://169.254.0.21:5173/
[2026-04-03T13:37:01.703Z] Dev server process group stopped
[2026-04-03T13:37:01.706Z] ELIFECYCLE  Command failed.
[2026-04-03T13:37:01.717Z] Dev server exited with code -15
[2026-04-03T13:37:04.715Z] Starting dev server with command: pnpm run dev
[2026-04-03T13:37:05.077Z] ERR_PNPM_NO_IMPORTER_MANIFEST_FOUND  No package.json (or package.yaml, or package.json5) was found in "/home/ubuntu/citytech-kz".
[2026-04-03T13:37:05.096Z] Dev server exited with code 1
[2026-04-03T13:39:07.753Z] Starting dev server with command: pnpm run dev
[2026-04-03T13:39:08.104Z] ERR_PNPM_NO_IMPORTER_MANIFEST_FOUND  No package.json (or package.yaml, or package.json5) was found in "/home/ubuntu/citytech-kz".
[2026-04-03T13:39:08.121Z] Dev server exited with code 1
[2026-04-03T13:39:31.766Z] Starting dev server with command: pnpm run dev
[2026-04-03T13:39:32.123Z] ERR_PNPM_NO_IMPORTER_MANIFEST_FOUND  No package.json (or package.yaml, or package.json5) was found in "/home/ubuntu/citytech-kz".
[2026-04-03T13:39:32.144Z] Dev server exited with code 1
[2026-04-03T13:40:07.330Z] Starting dev server with command: pnpm run dev
[2026-04-03T13:40:07.688Z] ERR_PNPM_NO_IMPORTER_MANIFEST_FOUND  No package.json (or package.yaml, or package.json5) was found in "/home/ubuntu/citytech-kz".
[2026-04-03T13:40:07.708Z] Dev server exited with code 1
[2026-04-03T13:40:22.456Z] Starting dev server with command: pnpm run dev
[2026-04-03T13:40:22.799Z] ERR_PNPM_NO_IMPORTER_MANIFEST_FOUND  No package.json (or package.yaml, or package.json5) was found in "/home/ubuntu/citytech-kz".
[2026-04-03T13:40:22.816Z] Dev server exited with code 1
